#
# A fatal error has been detected by the Java Runtime Environment:
#
#  SIGSEGV (0xb) at pc=0x00007fc9f8000638, pid=8807, tid=140505988114176
#
# JRE version: Java(TM) SE Runtime Environment (8.0_66-b17) (build 1.8.0_66-b17)
# Java VM: Java HotSpot(TM) 64-Bit Server VM (25.66-b17 mixed mode linux-amd64 compressed oops)
# Problematic frame:
# C  0x00007fc9f8000638
#
# Failed to write core dump. Core dumps have been disabled. To enable core dumping, try "ulimit -c unlimited" before starting Java again
#
# If you would like to submit a bug report, please visit:
#   http://bugreport.java.com/bugreport/crash.jsp
#

---------------  T H R E A D  ---------------

Current thread (0x00007fca3018c000):  JavaThread "JDWP Transport Listener: dt_socket" daemon [_thread_in_vm, id=8817, stack(0x00007fca1972a000,0x00007fca1982b000)]

siginfo: si_signo: 11 (SIGSEGV), si_code: 2 (SEGV_ACCERR), si_addr: 0x00007fc9f8000638

Registers:
RAX=0x00007fc9f8000638, RBX=0x00007fc9f8000648, RCX=0x00007fca3986a340, RDX=0x00007fca38e42560
RSP=0x00007fca198296c8, RBP=0x00007fca198296e0, RSI=0x00007fca3018c000, RDI=0x00007fc9f8000648
R8 =0x00007fc9f8008500, R9 =0x0000000000000000, R10=0x0000000000000010, R11=0x00007fca39003ff0
R12=0x0000000000000017, R13=0x00007fc9f800b540, R14=0x00007fca3018c000, R15=0x00007fca198297e7
RIP=0x00007fc9f8000638, EFLAGS=0x0000000000010206, CSGSFS=0x0000000000000033, ERR=0x0000000000000015
  TRAPNO=0x000000000000000e

Top of Stack: (sp=0x00007fca198296c8)
0x00007fca198296c8:   00007fca38738817 0000000000000074
0x00007fca198296d8:   00007fca30003ed0 00007fca19829750
0x00007fca198296e8:   00007fca385c92de 00007fca19829710
0x00007fca198296f8:   00007fca19829700 00007fca3018c000
0x00007fca19829708:   0000000000000000 00007fca00000000
0x00007fca19829718:   0000000000000000 00007fca19829740
0x00007fca19829728:   00007fca37547e40 00007fc9f800b540
0x00007fca19829738:   00007fca198297e7 0000000000000002
0x00007fca19829748:   00007fca198297e7 00007fca19829780
0x00007fca19829758:   00007fca373338c2 00007fca19829780
0x00007fca19829768:   00007fc9f800b540 00007fca19829850
0x00007fca19829778:   0000000000000010 00007fca19829810
0x00007fca19829788:   00007fca37314aa0 00007fca198297c8
0x00007fca19829798:   00007fca198297c0 00007fca198297b8
0x00007fca198297a8:   00007fca198297dc 00000001f800eb00
0x00007fca198297b8:   0000000000000000 0000000000000000
0x00007fca198297c8:   0000000000000000 00007fc9f80084e0
0x00007fca198297d8:   0000000119829850 0000000000000003
0x00007fca198297e8:   0000000000000002 000000000000000f
0x00007fca198297f8:   0000000000000002 00000000000f0200
0x00007fca19829808:   000000000000000f 00007fca19829a60
0x00007fca19829818:   00007fca3731f9c6 00001c6800000013
0x00007fca19829828:   00007fca380f0200 00007fc9f0001000
0x00007fca19829838:   0000000000000000 00007fca19829850
0x00007fca19829848:   00007fca198299e0 00007fca198298f7
0x00007fca19829858:   00007fca000000d5 00007fca19829868
0x00007fca19829868:   0000000000000057 00007fca198298a0
0x00007fca19829878:   0000000000000000 00007f0000000000
0x00007fca19829888:   00001c680000000f 00007fca00009980
0x00007fca19829898:   00007fca198298a0 ca7f000003000000
0x00007fca198298a8:   04000000f0f72030 160000006e69616d
0x00007fca198298b8:   2f6176616a4c5b28 7274532f676e616c 

Instructions: (pc=0x00007fc9f8000638)
0x00007fc9f8000618:   08 06 00 f8 c9 7f 00 00 08 06 00 f8 c9 7f 00 00
0x00007fc9f8000628:   18 06 00 f8 c9 7f 00 00 18 06 00 f8 c9 7f 00 00
0x00007fc9f8000638:   50 a6 00 f8 c9 7f 00 00 50 a6 00 f8 c9 7f 00 00
0x00007fc9f8000648:   38 06 00 f8 c9 7f 00 00 38 06 00 f8 c9 7f 00 00 

Register to memory mapping:

RAX=0x00007fc9f8000638 is an unknown value
RBX=0x00007fc9f8000648 is an unknown value
RCX=0x00007fca3986a340: <offset 0x219340> in /lib/x86_64-linux-gnu/libpthread.so.0 at 0x00007fca39651000
RDX=0x00007fca38e42560: <offset 0xfaf560> in /usr/lib/jvm/java-8-oracle/jre/lib/amd64/server/libjvm.so at 0x00007fca37e93000
RSP=0x00007fca198296c8 is pointing into the stack for thread: 0x00007fca3018c000
RBP=0x00007fca198296e0 is pointing into the stack for thread: 0x00007fca3018c000
RSI=0x00007fca3018c000 is a thread
RDI=0x00007fc9f8000648 is an unknown value
R8 =0x00007fc9f8008500 is an unknown value
R9 =0x0000000000000000 is an unknown value
R10=0x0000000000000010 is an unknown value
R11=0x00007fca39003ff0: <offset 0x196ff0> in /lib/x86_64-linux-gnu/libc.so.6 at 0x00007fca38e6d000
R12=0x0000000000000017 is an unknown value
R13=0x00007fc9f800b540 is an unknown value
R14=0x00007fca3018c000 is a thread
R15=0x00007fca198297e7 is pointing into the stack for thread: 0x00007fca3018c000


Stack: [0x00007fca1972a000,0x00007fca1982b000],  sp=0x00007fca198296c8,  free space=1021k
Native frames: (J=compiled Java code, j=interpreted, Vv=VM code, C=native code)
C  0x00007fc9f8000638
V  [libjvm.so+0x7362de]  jvmti_IsMethodSynthetic+0x2be
C  [libjdwp.so+0x258c2]  isMethodSynthetic+0x42
C  [libjdwp.so+0x6aa0]  methods1+0x1b0
C  [libjdwp.so+0x119c6]  debugLoop_run+0x2b6
C  [libjdwp.so+0x247ff]  attachThread+0x2f
V  [libjvm.so+0x7a2a62]  JvmtiAgentThread::call_start_function()+0xc2
V  [libjvm.so+0xa68fff]  JavaThread::thread_main_inner()+0xdf
V  [libjvm.so+0xa6912c]  JavaThread::run()+0x11c
V  [libjvm.so+0x91cc68]  java_start(Thread*)+0x108
C  [libpthread.so.0+0x76aa]  start_thread+0xca


---------------  P R O C E S S  ---------------

Java Threads: ( => current thread )
  0x00007fca30209000 JavaThread "Service Thread" daemon [_thread_blocked, id=8825, stack(0x00007fca19124000,0x00007fca19225000)]
  0x00007fca30205800 JavaThread "C1 CompilerThread2" daemon [_thread_blocked, id=8824, stack(0x00007fca19225000,0x00007fca19326000)]
  0x00007fca30201800 JavaThread "C2 CompilerThread1" daemon [_thread_blocked, id=8823, stack(0x00007fca19326000,0x00007fca19427000)]
  0x00007fca301ff800 JavaThread "C2 CompilerThread0" daemon [_thread_blocked, id=8822, stack(0x00007fca19427000,0x00007fca19528000)]
  0x00007fc9f8001000 JavaThread "JDWP Command Reader" daemon [_thread_in_native, id=8820, stack(0x00007fca19528000,0x00007fca19629000)]
  0x00007fca30190000 JavaThread "JDWP Event Helper Thread" daemon [_thread_blocked, id=8819, stack(0x00007fca19629000,0x00007fca1972a000)]
=>0x00007fca3018c000 JavaThread "JDWP Transport Listener: dt_socket" daemon [_thread_in_vm, id=8817, stack(0x00007fca1972a000,0x00007fca1982b000)]
  0x00007fca30180000 JavaThread "Signal Dispatcher" daemon [_thread_blocked, id=8816, stack(0x00007fca19a2f000,0x00007fca19b30000)]
  0x00007fca3014a800 JavaThread "Finalizer" daemon [_thread_blocked, id=8815, stack(0x00007fca19b30000,0x00007fca19c31000)]
  0x00007fca30148800 JavaThread "Reference Handler" daemon [_thread_blocked, id=8814, stack(0x00007fca19c31000,0x00007fca19d32000)]
  0x00007fca3000e000 JavaThread "main" [_thread_blocked, id=8808, stack(0x00007fca3996b000,0x00007fca39a6c000)]

Other Threads:
  0x00007fca30143800 VMThread [stack: 0x00007fca19d32000,0x00007fca19e33000] [id=8813]
  0x00007fca3020e000 WatcherThread [stack: 0x00007fca19023000,0x00007fca19124000] [id=8826]

VM state:not at safepoint (normal execution)

VM Mutex/Monitor currently owned by a thread: None

Heap:
 PSYoungGen      total 55808K, used 3852K [0x0000000782300000, 0x0000000786100000, 0x00000007c0000000)
  eden space 48128K, 8% used [0x0000000782300000,0x00000007826c3100,0x0000000785200000)
  from space 7680K, 0% used [0x0000000785980000,0x0000000785980000,0x0000000786100000)
  to   space 7680K, 0% used [0x0000000785200000,0x0000000785200000,0x0000000785980000)
 ParOldGen       total 126976K, used 0K [0x0000000706800000, 0x000000070e400000, 0x0000000782300000)
  object space 126976K, 0% used [0x0000000706800000,0x0000000706800000,0x000000070e400000)
 Metaspace       used 3242K, capacity 4568K, committed 4864K, reserved 1056768K
  class space    used 347K, capacity 392K, committed 512K, reserved 1048576K

Card table byte_map: [0x00007fca35309000,0x00007fca358d6000] byte_map_base: 0x00007fca31ad5000

Marking Bits: (ParMarkBitMap*) 0x00007fca38e42020
 Begin Bits: [0x00007fca1b340000, 0x00007fca1e1a0000)
 End Bits:   [0x00007fca1e1a0000, 0x00007fca21000000)

Polling page: 0x00007fca39a8f000

CodeCache: size=245760Kb used=1125Kb max_used=1125Kb free=244634Kb
 bounds [0x00007fca21000000, 0x00007fca21270000, 0x00007fca30000000]
 total_blobs=281 nmethods=38 adapters=165
 compilation: enabled

Compilation events (10 events):
Event: 0,221 Thread 0x00007fca30205800   34       3       java.lang.ThreadLocal::getMap (5 bytes)
Event: 0,221 Thread 0x00007fca30205800 nmethod 34 0x00007fca21115090 code [0x00007fca21115200, 0x00007fca21115350]
Event: 0,221 Thread 0x00007fca30205800   35       1       java.lang.ThreadLocal::access$400 (5 bytes)
Event: 0,221 Thread 0x00007fca30205800 nmethod 35 0x00007fca21114dd0 code [0x00007fca21114f20, 0x00007fca21115010]
Event: 2,040 Thread 0x00007fca30205800   36       1       java.util.ArrayList::size (5 bytes)
Event: 2,040 Thread 0x00007fca30205800 nmethod 36 0x00007fca21114910 code [0x00007fca21114a60, 0x00007fca21114b70]
Event: 1431,635 Thread 0x00007fca30205800   37       3       java.util.HashMap::hash (20 bytes)
Event: 1431,636 Thread 0x00007fca30205800 nmethod 37 0x00007fca21114490 code [0x00007fca21114600, 0x00007fca21114868]
Event: 1465,959 Thread 0x00007fca30205800   38       3       java.util.HashMap::getNode (148 bytes)
Event: 1465,960 Thread 0x00007fca30205800 nmethod 38 0x00007fca21117e50 code [0x00007fca21118020, 0x00007fca211189e8]

GC Heap History (0 events):
No events

Deoptimization events (0 events):
No events

Internal exceptions (2 events):
Event: 0,037 Thread 0x00007fca3000e000 Exception <a 'java/lang/NoSuchMethodError': Method sun.misc.Unsafe.defineClass(Ljava/lang/String;[BII)Ljava/lang/Class; name or signature does not match> (0x0000000782312b98) thrown at [/HUDSON/workspace/8-2-build-linux-amd64/jdk8u66/4988/hotspot/src/shar
Event: 0,037 Thread 0x00007fca3000e000 Exception <a 'java/lang/NoSuchMethodError': Method sun.misc.Unsafe.prefetchRead(Ljava/lang/Object;J)V name or signature does not match> (0x0000000782312e80) thrown at [/HUDSON/workspace/8-2-build-linux-amd64/jdk8u66/4988/hotspot/src/share/vm/prims/jni.cpp

Events (10 events):
Event: 2563,427 Executing VM operation: GetOrSetLocal
Event: 2563,427 Executing VM operation: GetOrSetLocal done
Event: 2563,427 Executing VM operation: GetOrSetLocal
Event: 2563,427 Executing VM operation: GetOrSetLocal done
Event: 2563,427 Executing VM operation: GetOrSetLocal
Event: 2563,427 Executing VM operation: GetOrSetLocal done
Event: 3063,478 Executing VM operation: RedefineClasses
Event: 3063,478 Executing VM operation: RedefineClasses done
Event: 3063,479 Executing VM operation: GetOrSetLocal
Event: 3063,479 Executing VM operation: GetOrSetLocal done


Dynamic libraries:
00400000-00401000 r-xp 00000000 08:01 14033910                           /usr/lib/jvm/java-8-oracle/bin/java
00600000-00601000 rw-p 00000000 08:01 14033910                           /usr/lib/jvm/java-8-oracle/bin/java
021ca000-021eb000 rw-p 00000000 00:00 0                                  [heap]
706800000-70e400000 rw-p 00000000 00:00 0 
70e400000-782300000 ---p 00000000 00:00 0 
782300000-786100000 rw-p 00000000 00:00 0 
786100000-7c0000000 ---p 00000000 00:00 0 
7c0000000-7c0080000 rw-p 00000000 00:00 0 
7c0080000-800000000 ---p 00000000 00:00 0 
7fc9d4000000-7fc9d4021000 rw-p 00000000 00:00 0 
7fc9d4021000-7fc9d8000000 ---p 00000000 00:00 0 
7fc9dc000000-7fc9dc02e000 rw-p 00000000 00:00 0 
7fc9dc02e000-7fc9e0000000 ---p 00000000 00:00 0 
7fc9e0000000-7fc9e0021000 rw-p 00000000 00:00 0 
7fc9e0021000-7fc9e4000000 ---p 00000000 00:00 0 
7fc9e4000000-7fc9e409a000 rw-p 00000000 00:00 0 
7fc9e409a000-7fc9e8000000 ---p 00000000 00:00 0 
7fc9e8000000-7fc9e802b000 rw-p 00000000 00:00 0 
7fc9e802b000-7fc9ec000000 ---p 00000000 00:00 0 
7fc9ec000000-7fc9ec021000 rw-p 00000000 00:00 0 
7fc9ec021000-7fc9f0000000 ---p 00000000 00:00 0 
7fc9f0000000-7fc9f0021000 rw-p 00000000 00:00 0 
7fc9f0021000-7fc9f4000000 ---p 00000000 00:00 0 
7fc9f4000000-7fc9f4021000 rw-p 00000000 00:00 0 
7fc9f4021000-7fc9f8000000 ---p 00000000 00:00 0 
7fc9f8000000-7fc9f802a000 rw-p 00000000 00:00 0 
7fc9f802a000-7fc9fc000000 ---p 00000000 00:00 0 
7fc9fc000000-7fc9fc021000 rw-p 00000000 00:00 0 
7fc9fc021000-7fca00000000 ---p 00000000 00:00 0 
7fca00000000-7fca00021000 rw-p 00000000 00:00 0 
7fca00021000-7fca04000000 ---p 00000000 00:00 0 
7fca04000000-7fca04021000 rw-p 00000000 00:00 0 
7fca04021000-7fca08000000 ---p 00000000 00:00 0 
7fca08000000-7fca08021000 rw-p 00000000 00:00 0 
7fca08021000-7fca0c000000 ---p 00000000 00:00 0 
7fca0c000000-7fca0c021000 rw-p 00000000 00:00 0 
7fca0c021000-7fca10000000 ---p 00000000 00:00 0 
7fca10000000-7fca10021000 rw-p 00000000 00:00 0 
7fca10021000-7fca14000000 ---p 00000000 00:00 0 
7fca14000000-7fca14021000 rw-p 00000000 00:00 0 
7fca14021000-7fca18000000 ---p 00000000 00:00 0 
7fca18675000-7fca18bfb000 rw-p 00000000 00:00 0 
7fca18bfb000-7fca18c11000 r-xp 00000000 08:01 658669                     /usr/lib/jvm/java-8-oracle/jre/lib/amd64/libnet.so
7fca18c11000-7fca18e11000 ---p 00016000 08:01 658669                     /usr/lib/jvm/java-8-oracle/jre/lib/amd64/libnet.so
7fca18e11000-7fca18e12000 rw-p 00016000 08:01 658669                     /usr/lib/jvm/java-8-oracle/jre/lib/amd64/libnet.so
7fca18e12000-7fca18e23000 r-xp 00000000 08:01 658672                     /usr/lib/jvm/java-8-oracle/jre/lib/amd64/libnio.so
7fca18e23000-7fca19022000 ---p 00011000 08:01 658672                     /usr/lib/jvm/java-8-oracle/jre/lib/amd64/libnio.so
7fca19022000-7fca19023000 rw-p 00010000 08:01 658672                     /usr/lib/jvm/java-8-oracle/jre/lib/amd64/libnio.so
7fca19023000-7fca19024000 ---p 00000000 00:00 0 
7fca19024000-7fca19124000 rw-p 00000000 00:00 0                          [stack:8826]
7fca19124000-7fca19127000 ---p 00000000 00:00 0 
7fca19127000-7fca19225000 rw-p 00000000 00:00 0                          [stack:8825]
7fca19225000-7fca19228000 ---p 00000000 00:00 0 
7fca19228000-7fca19326000 rw-p 00000000 00:00 0                          [stack:8824]
7fca19326000-7fca19329000 ---p 00000000 00:00 0 
7fca19329000-7fca19427000 rw-p 00000000 00:00 0                          [stack:8823]
7fca19427000-7fca1942a000 ---p 00000000 00:00 0 
7fca1942a000-7fca19528000 rw-p 00000000 00:00 0                          [stack:8822]
7fca19528000-7fca1952b000 ---p 00000000 00:00 0 
7fca1952b000-7fca19629000 rw-p 00000000 00:00 0                          [stack:8820]
7fca19629000-7fca1962c000 ---p 00000000 00:00 0 
7fca1962c000-7fca1972a000 rw-p 00000000 00:00 0                          [stack:8819]
7fca1972a000-7fca1972d000 ---p 00000000 00:00 0 
7fca1972d000-7fca1982b000 rw-p 00000000 00:00 0                          [stack:8817]
7fca1982b000-7fca1982f000 r-xp 00000000 08:01 658635                     /usr/lib/jvm/java-8-oracle/jre/lib/amd64/libdt_socket.so
7fca1982f000-7fca19a2e000 ---p 00004000 08:01 658635                     /usr/lib/jvm/java-8-oracle/jre/lib/amd64/libdt_socket.so
7fca19a2e000-7fca19a2f000 rw-p 00003000 08:01 658635                     /usr/lib/jvm/java-8-oracle/jre/lib/amd64/libdt_socket.so
7fca19a2f000-7fca19a32000 ---p 00000000 00:00 0 
7fca19a32000-7fca19b30000 rw-p 00000000 00:00 0                          [stack:8816]
7fca19b30000-7fca19b33000 ---p 00000000 00:00 0 
7fca19b33000-7fca19c31000 rw-p 00000000 00:00 0                          [stack:8815]
7fca19c31000-7fca19c34000 ---p 00000000 00:00 0 
7fca19c34000-7fca19d32000 rw-p 00000000 00:00 0                          [stack:8814]
7fca19d32000-7fca19d33000 ---p 00000000 00:00 0 
7fca19d33000-7fca1af80000 rw-p 00000000 00:00 0                          [stack:8813]
7fca1af80000-7fca1b340000 ---p 00000000 00:00 0 
7fca1b340000-7fca21000000 rw-p 00000000 00:00 0 
7fca21000000-7fca21270000 rwxp 00000000 00:00 0 
7fca21270000-7fca30000000 ---p 00000000 00:00 0 
7fca30000000-7fca30235000 rw-p 00000000 00:00 0 
7fca30235000-7fca34000000 ---p 00000000 00:00 0 
7fca340ad000-7fca340af000 rw-p 00000000 00:00 0 
7fca340af000-7fca340b1000 r--s 0000b000 08:01 10231062                   /opt/idea-IU-143.1184.17/plugins/Groovy/lib/agent/gragent.jar
7fca340b1000-7fca340b3000 r--s 0001e000 08:01 10230770                   /opt/idea-IU-143.1184.17/lib/idea_rt.jar
7fca340b3000-7fca340b6000 r--s 0001a000 08:01 14423700                   /usr/lib/jvm/java-8-oracle/jre/lib/jce.jar
7fca340b6000-7fca340bb000 r--s 00096000 08:01 14423694                   /usr/lib/jvm/java-8-oracle/jre/lib/jsse.jar
7fca340bb000-7fca3430c000 rw-p 00000000 00:00 0 
7fca3430c000-7fca344e5000 r--s 03d20000 08:01 14423688                   /usr/lib/jvm/java-8-oracle/jre/lib/rt.jar
7fca344e5000-7fca34b27000 rw-p 00000000 00:00 0 
7fca34b27000-7fca34b28000 ---p 00000000 00:00 0 
7fca34b28000-7fca34c28000 rw-p 00000000 00:00 0                          [stack:8812]
7fca34c28000-7fca34c29000 ---p 00000000 00:00 0 
7fca34c29000-7fca34d29000 rw-p 00000000 00:00 0                          [stack:8811]
7fca34d29000-7fca34d2a000 ---p 00000000 00:00 0 
7fca34d2a000-7fca34e2a000 rw-p 00000000 00:00 0                          [stack:8810]
7fca34e2a000-7fca34e2b000 ---p 00000000 00:00 0 
7fca34e2b000-7fca34f69000 rw-p 00000000 00:00 0                          [stack:8809]
7fca34f69000-7fca35309000 ---p 00000000 00:00 0 
7fca35309000-7fca35347000 rw-p 00000000 00:00 0 
7fca35347000-7fca356e6000 ---p 00000000 00:00 0 
7fca356e6000-7fca35706000 rw-p 00000000 00:00 0 
7fca35706000-7fca358d5000 ---p 00000000 00:00 0 
7fca358d5000-7fca358e0000 rw-p 00000000 00:00 0 
7fca358e0000-7fca35c96000 ---p 00000000 00:00 0 
7fca35c96000-7fca35cb0000 r-xp 00000000 08:01 658665                     /usr/lib/jvm/java-8-oracle/jre/lib/amd64/libzip.so
7fca35cb0000-7fca35eb0000 ---p 0001a000 08:01 658665                     /usr/lib/jvm/java-8-oracle/jre/lib/amd64/libzip.so
7fca35eb0000-7fca35eb1000 rw-p 0001a000 08:01 658665                     /usr/lib/jvm/java-8-oracle/jre/lib/amd64/libzip.so
7fca35eb1000-7fca35ebd000 r-xp 00000000 08:01 3674352                    /lib/x86_64-linux-gnu/libnss_files-2.21.so
7fca35ebd000-7fca360bc000 ---p 0000c000 08:01 3674352                    /lib/x86_64-linux-gnu/libnss_files-2.21.so
7fca360bc000-7fca360bd000 r--p 0000b000 08:01 3674352                    /lib/x86_64-linux-gnu/libnss_files-2.21.so
7fca360bd000-7fca360be000 rw-p 0000c000 08:01 3674352                    /lib/x86_64-linux-gnu/libnss_files-2.21.so
7fca360be000-7fca360c9000 r-xp 00000000 08:01 3674362                    /lib/x86_64-linux-gnu/libnss_nis-2.21.so
7fca360c9000-7fca362c8000 ---p 0000b000 08:01 3674362                    /lib/x86_64-linux-gnu/libnss_nis-2.21.so
7fca362c8000-7fca362c9000 r--p 0000a000 08:01 3674362                    /lib/x86_64-linux-gnu/libnss_nis-2.21.so
7fca362c9000-7fca362ca000 rw-p 0000b000 08:01 3674362                    /lib/x86_64-linux-gnu/libnss_nis-2.21.so
7fca362ca000-7fca362e1000 r-xp 00000000 08:01 3674346                    /lib/x86_64-linux-gnu/libnsl-2.21.so
7fca362e1000-7fca364e0000 ---p 00017000 08:01 3674346                    /lib/x86_64-linux-gnu/libnsl-2.21.so
7fca364e0000-7fca364e1000 r--p 00016000 08:01 3674346                    /lib/x86_64-linux-gnu/libnsl-2.21.so
7fca364e1000-7fca364e2000 rw-p 00017000 08:01 3674346                    /lib/x86_64-linux-gnu/libnsl-2.21.so
7fca364e2000-7fca364e4000 rw-p 00000000 00:00 0 
7fca364e4000-7fca364ec000 r-xp 00000000 08:01 3674348                    /lib/x86_64-linux-gnu/libnss_compat-2.21.so
7fca364ec000-7fca366eb000 ---p 00008000 08:01 3674348                    /lib/x86_64-linux-gnu/libnss_compat-2.21.so
7fca366eb000-7fca366ec000 r--p 00007000 08:01 3674348                    /lib/x86_64-linux-gnu/libnss_compat-2.21.so
7fca366ec000-7fca366ed000 rw-p 00008000 08:01 3674348                    /lib/x86_64-linux-gnu/libnss_compat-2.21.so
7fca366ed000-7fca366f7000 r-xp 00000000 08:01 658674                     /usr/lib/jvm/java-8-oracle/jre/lib/amd64/libinstrument.so
7fca366f7000-7fca368f6000 ---p 0000a000 08:01 658674                     /usr/lib/jvm/java-8-oracle/jre/lib/amd64/libinstrument.so
7fca368f6000-7fca368f7000 rw-p 00009000 08:01 658674                     /usr/lib/jvm/java-8-oracle/jre/lib/amd64/libinstrument.so
7fca368f7000-7fca3710b000 r--p 00000000 08:01 12459126                   /usr/lib/locale/locale-archive
7fca3710b000-7fca3710d000 r-xp 00000000 08:01 658636                     /usr/lib/jvm/java-8-oracle/jre/lib/amd64/libnpt.so
7fca3710d000-7fca3730d000 ---p 00002000 08:01 658636                     /usr/lib/jvm/java-8-oracle/jre/lib/amd64/libnpt.so
7fca3730d000-7fca3730e000 rw-p 00002000 08:01 658636                     /usr/lib/jvm/java-8-oracle/jre/lib/amd64/libnpt.so
7fca3730e000-7fca37347000 r-xp 00000000 08:01 658654                     /usr/lib/jvm/java-8-oracle/jre/lib/amd64/libjdwp.so
7fca37347000-7fca37546000 ---p 00039000 08:01 658654                     /usr/lib/jvm/java-8-oracle/jre/lib/amd64/libjdwp.so
7fca37546000-7fca37548000 rw-p 00038000 08:01 658654                     /usr/lib/jvm/java-8-oracle/jre/lib/amd64/libjdwp.so
7fca37548000-7fca37572000 r-xp 00000000 08:01 658660                     /usr/lib/jvm/java-8-oracle/jre/lib/amd64/libjava.so
7fca37572000-7fca37772000 ---p 0002a000 08:01 658660                     /usr/lib/jvm/java-8-oracle/jre/lib/amd64/libjava.so
7fca37772000-7fca37774000 rw-p 0002a000 08:01 658660                     /usr/lib/jvm/java-8-oracle/jre/lib/amd64/libjava.so
7fca37774000-7fca37781000 r-xp 00000000 08:01 658664                     /usr/lib/jvm/java-8-oracle/jre/lib/amd64/libverify.so
7fca37781000-7fca37981000 ---p 0000d000 08:01 658664                     /usr/lib/jvm/java-8-oracle/jre/lib/amd64/libverify.so
7fca37981000-7fca37983000 rw-p 0000d000 08:01 658664                     /usr/lib/jvm/java-8-oracle/jre/lib/amd64/libverify.so
7fca37983000-7fca3798a000 r-xp 00000000 08:01 3674407                    /lib/x86_64-linux-gnu/librt-2.21.so
7fca3798a000-7fca37b89000 ---p 00007000 08:01 3674407                    /lib/x86_64-linux-gnu/librt-2.21.so
7fca37b89000-7fca37b8a000 r--p 00006000 08:01 3674407                    /lib/x86_64-linux-gnu/librt-2.21.so
7fca37b8a000-7fca37b8b000 rw-p 00007000 08:01 3674407                    /lib/x86_64-linux-gnu/librt-2.21.so
7fca37b8b000-7fca37c92000 r-xp 00000000 08:01 3674325                    /lib/x86_64-linux-gnu/libm-2.21.so
7fca37c92000-7fca37e91000 ---p 00107000 08:01 3674325                    /lib/x86_64-linux-gnu/libm-2.21.so
7fca37e91000-7fca37e92000 r--p 00106000 08:01 3674325                    /lib/x86_64-linux-gnu/libm-2.21.so
7fca37e92000-7fca37e93000 rw-p 00107000 08:01 3674325                    /lib/x86_64-linux-gnu/libm-2.21.so
7fca37e93000-7fca38b51000 r-xp 00000000 08:01 658643                     /usr/lib/jvm/java-8-oracle/jre/lib/amd64/server/libjvm.so
7fca38b51000-7fca38d50000 ---p 00cbe000 08:01 658643                     /usr/lib/jvm/java-8-oracle/jre/lib/amd64/server/libjvm.so
7fca38d50000-7fca38e29000 rw-p 00cbd000 08:01 658643                     /usr/lib/jvm/java-8-oracle/jre/lib/amd64/server/libjvm.so
7fca38e29000-7fca38e6d000 rw-p 00000000 00:00 0 
7fca38e6d000-7fca3902d000 r-xp 00000000 08:01 3674266                    /lib/x86_64-linux-gnu/libc-2.21.so
7fca3902d000-7fca3922d000 ---p 001c0000 08:01 3674266                    /lib/x86_64-linux-gnu/libc-2.21.so
7fca3922d000-7fca39231000 r--p 001c0000 08:01 3674266                    /lib/x86_64-linux-gnu/libc-2.21.so
7fca39231000-7fca39233000 rw-p 001c4000 08:01 3674266                    /lib/x86_64-linux-gnu/libc-2.21.so
7fca39233000-7fca39237000 rw-p 00000000 00:00 0 
7fca39237000-7fca3923a000 r-xp 00000000 08:01 3674283                    /lib/x86_64-linux-gnu/libdl-2.21.so
7fca3923a000-7fca39439000 ---p 00003000 08:01 3674283                    /lib/x86_64-linux-gnu/libdl-2.21.so
7fca39439000-7fca3943a000 r--p 00002000 08:01 3674283                    /lib/x86_64-linux-gnu/libdl-2.21.so
7fca3943a000-7fca3943b000 rw-p 00003000 08:01 3674283                    /lib/x86_64-linux-gnu/libdl-2.21.so
7fca3943b000-7fca39450000 r-xp 00000000 08:01 14423517                   /usr/lib/jvm/java-8-oracle/lib/amd64/jli/libjli.so
7fca39450000-7fca39650000 ---p 00015000 08:01 14423517                   /usr/lib/jvm/java-8-oracle/lib/amd64/jli/libjli.so
7fca39650000-7fca39651000 rw-p 00015000 08:01 14423517                   /usr/lib/jvm/java-8-oracle/lib/amd64/jli/libjli.so
7fca39651000-7fca39669000 r-xp 00000000 08:01 3674399                    /lib/x86_64-linux-gnu/libpthread-2.21.so
7fca39669000-7fca39869000 ---p 00018000 08:01 3674399                    /lib/x86_64-linux-gnu/libpthread-2.21.so
7fca39869000-7fca3986a000 r--p 00018000 08:01 3674399                    /lib/x86_64-linux-gnu/libpthread-2.21.so
7fca3986a000-7fca3986b000 rw-p 00019000 08:01 3674399                    /lib/x86_64-linux-gnu/libpthread-2.21.so
7fca3986b000-7fca3986f000 rw-p 00000000 00:00 0 
7fca3986f000-7fca39893000 r-xp 00000000 08:01 3674238                    /lib/x86_64-linux-gnu/ld-2.21.so
7fca39893000-7fca3989d000 r--s 0006b000 08:01 14423618                   /usr/lib/jvm/java-8-oracle/jre/lib/javaws.jar
7fca3989d000-7fca398a3000 r--s 002f8000 08:01 14423686                   /usr/lib/jvm/java-8-oracle/jre/lib/charsets.jar
7fca398a3000-7fca398a8000 r--s 00083000 08:01 14423606                   /usr/lib/jvm/java-8-oracle/jre/lib/jfr.jar
7fca398a8000-7fca398c3000 r--s 001fe000 08:01 14423607                   /usr/lib/jvm/java-8-oracle/jre/lib/deploy.jar
7fca398c3000-7fca398d6000 r--s 000d5000 08:01 14423635                   /usr/lib/jvm/java-8-oracle/jre/lib/plugin.jar
7fca398d6000-7fca3996b000 rw-p 00000000 00:00 0 
7fca3996b000-7fca3996e000 ---p 00000000 00:00 0 
7fca3996e000-7fca39a71000 rw-p 00000000 00:00 0                          [stack:8808]
7fca39a71000-7fca39a72000 r--s 00000000 08:01 14423615                   /usr/lib/jvm/java-8-oracle/jre/lib/management-agent.jar
7fca39a72000-7fca39a74000 r--s 00007000 08:01 14423702                   /usr/lib/jvm/java-8-oracle/jre/lib/jfxswt.jar
7fca39a74000-7fca39a86000 r--s 00345000 08:01 14423693                   /usr/lib/jvm/java-8-oracle/jre/lib/resources.jar
7fca39a86000-7fca39a8e000 rw-s 00000000 08:01 6554641                    /tmp/hsperfdata_anton/8807
7fca39a8e000-7fca39a8f000 rw-p 00000000 00:00 0 
7fca39a8f000-7fca39a90000 r--p 00000000 00:00 0 
7fca39a90000-7fca39a92000 rw-p 00000000 00:00 0 
7fca39a92000-7fca39a93000 r--p 00023000 08:01 3674238                    /lib/x86_64-linux-gnu/ld-2.21.so
7fca39a93000-7fca39a94000 rw-p 00024000 08:01 3674238                    /lib/x86_64-linux-gnu/ld-2.21.so
7fca39a94000-7fca39a95000 rw-p 00000000 00:00 0 
7ffe9040b000-7ffe9042c000 rw-p 00000000 00:00 0                          [stack]
7ffe90439000-7ffe9043b000 r--p 00000000 00:00 0                          [vvar]
7ffe9043b000-7ffe9043d000 r-xp 00000000 00:00 0                          [vdso]
ffffffffff600000-ffffffffff601000 r-xp 00000000 00:00 0                  [vsyscall]

VM Arguments:
jvm_args: -agentlib:jdwp=transport=dt_socket,address=127.0.0.1:44784,suspend=y,server=n -javaagent:/opt/idea-IU-143.1184.17/plugins/Groovy/lib/agent/gragent.jar -Dfile.encoding=UTF-8 
java_command: ru.antowka.Copier
java_class_path (initial): /usr/lib/jvm/java-8-oracle/jre/lib/resources.jar:/usr/lib/jvm/java-8-oracle/jre/lib/plugin.jar:/usr/lib/jvm/java-8-oracle/jre/lib/deploy.jar:/usr/lib/jvm/java-8-oracle/jre/lib/jfr.jar:/usr/lib/jvm/java-8-oracle/jre/lib/jfxswt.jar:/usr/lib/jvm/java-8-oracle/jre/lib/management-agent.jar:/usr/lib/jvm/java-8-oracle/jre/lib/charsets.jar:/usr/lib/jvm/java-8-oracle/jre/lib/javaws.jar:/usr/lib/jvm/java-8-oracle/jre/lib/jsse.jar:/usr/lib/jvm/java-8-oracle/jre/lib/jce.jar:/usr/lib/jvm/java-8-oracle/jre/lib/rt.jar:/usr/lib/jvm/java-8-oracle/jre/lib/ext/sunjce_provider.jar:/usr/lib/jvm/java-8-oracle/jre/lib/ext/dnsns.jar:/usr/lib/jvm/java-8-oracle/jre/lib/ext/sunpkcs11.jar:/usr/lib/jvm/java-8-oracle/jre/lib/ext/cldrdata.jar:/usr/lib/jvm/java-8-oracle/jre/lib/ext/sunec.jar:/usr/lib/jvm/java-8-oracle/jre/lib/ext/jaccess.jar:/usr/lib/jvm/java-8-oracle/jre/lib/ext/zipfs.jar:/usr/lib/jvm/java-8-oracle/jre/lib/ext/localedata.jar:/usr/lib/jvm/java-8-oracle/jre/lib/ext/nashorn.jar:/usr/lib/jvm/java-8-oracle/jre/lib/ext/jfxrt.jar:/home/anton/Desktop/Projects/copier/build/classes/main:/home/anton/Desktop/Projects/copier/build/resources/main:/opt/idea-IU-143.1184.17/lib/idea_rt.jar:/opt/idea-IU-143.1184.17/plugins/Groovy/lib/agent/gragent.jar
Launcher Type: SUN_STANDARD

Environment Variables:
PATH=/usr/local/sbin:/usr/local/bin:/usr/sbin:/usr/bin:/sbin:/bin:/usr/games:/usr/local/games
LD_LIBRARY_PATH=/opt/idea-IU-143.1184.17/bin:
SHELL=/bin/bash
DISPLAY=:0

Signal Handlers:
SIGSEGV: [libjvm.so+0xaba2a0], sa_mask[0]=11111111011111111101111111111110, sa_flags=SA_RESTART|SA_SIGINFO
SIGBUS: [libjvm.so+0xaba2a0], sa_mask[0]=11111111011111111101111111111110, sa_flags=SA_RESTART|SA_SIGINFO
SIGFPE: [libjvm.so+0x917710], sa_mask[0]=11111111011111111101111111111110, sa_flags=SA_RESTART|SA_SIGINFO
SIGPIPE: [libjvm.so+0x917710], sa_mask[0]=11111111011111111101111111111110, sa_flags=SA_RESTART|SA_SIGINFO
SIGXFSZ: [libjvm.so+0x917710], sa_mask[0]=11111111011111111101111111111110, sa_flags=SA_RESTART|SA_SIGINFO
SIGILL: [libjvm.so+0x917710], sa_mask[0]=11111111011111111101111111111110, sa_flags=SA_RESTART|SA_SIGINFO
SIGUSR1: SIG_DFL, sa_mask[0]=00000000000000000000000000000000, sa_flags=none
SIGUSR2: [libjvm.so+0x918d40], sa_mask[0]=00100000000000000000000000000000, sa_flags=SA_RESTART|SA_SIGINFO
SIGHUP: [libjvm.so+0x91a140], sa_mask[0]=11111111011111111101111111111110, sa_flags=SA_RESTART|SA_SIGINFO
SIGINT: [libjvm.so+0x91a140], sa_mask[0]=11111111011111111101111111111110, sa_flags=SA_RESTART|SA_SIGINFO
SIGTERM: [libjvm.so+0x91a140], sa_mask[0]=11111111011111111101111111111110, sa_flags=SA_RESTART|SA_SIGINFO
SIGQUIT: [libjvm.so+0x91a140], sa_mask[0]=11111111011111111101111111111110, sa_flags=SA_RESTART|SA_SIGINFO


---------------  S Y S T E M  ---------------

OS:DISTRIB_ID=Ubuntu
DISTRIB_RELEASE=15.04
DISTRIB_CODENAME=vivid
DISTRIB_DESCRIPTION="Ubuntu 15.04"

uname:Linux 3.19.0-43-generic #49-Ubuntu SMP Sun Dec 27 19:43:07 UTC 2015 x86_64
libc:glibc 2.21 NPTL 2.21 
rlimit: STACK 8192k, CORE 0k, NPROC 47379, NOFILE 65536, AS infinity
load average:0,29 0,30 0,45

/proc/meminfo:
MemTotal:       12151476 kB
MemFree:         3832300 kB
MemAvailable:    6539460 kB
Buffers:          603920 kB
Cached:          2646064 kB
SwapCached:            0 kB
Active:          5978464 kB
Inactive:        1914900 kB
Active(anon):    4648144 kB
Inactive(anon):   500416 kB
Active(file):    1330320 kB
Inactive(file):  1414484 kB
Unevictable:         428 kB
Mlocked:             428 kB
SwapTotal:             0 kB
SwapFree:              0 kB
Dirty:             11760 kB
Writeback:             0 kB
AnonPages:       4643812 kB
Mapped:           739456 kB
Shmem:            505188 kB
Slab:             265276 kB
SReclaimable:     215772 kB
SUnreclaim:        49504 kB
KernelStack:       13120 kB
PageTables:        57420 kB
NFS_Unstable:          0 kB
Bounce:                0 kB
WritebackTmp:          0 kB
CommitLimit:     6075736 kB
Committed_AS:   10808596 kB
VmallocTotal:   34359738367 kB
VmallocUsed:      581016 kB
VmallocChunk:   34359108148 kB
HardwareCorrupted:     0 kB
AnonHugePages:   2727936 kB
CmaTotal:              0 kB
CmaFree:               0 kB
HugePages_Total:       0
HugePages_Free:        0
HugePages_Rsvd:        0
HugePages_Surp:        0
Hugepagesize:       2048 kB
DirectMap4k:      209872 kB
DirectMap2M:    12218368 kB


CPU:total 4 (2 cores per cpu, 2 threads per core) family 6 model 58 stepping 9, cmov, cx8, fxsr, mmx, sse, sse2, sse3, ssse3, sse4.1, sse4.2, popcnt, avx, aes, clmul, erms, ht, tsc, tscinvbit, tscinv

/proc/cpuinfo:
processor	: 0
vendor_id	: GenuineIntel
cpu family	: 6
model		: 58
model name	: Intel(R) Core(TM) i5-3230M CPU @ 2.60GHz
stepping	: 9
microcode	: 0x16
cpu MHz		: 3085.062
cache size	: 3072 KB
physical id	: 0
siblings	: 4
core id		: 0
cpu cores	: 2
apicid		: 0
initial apicid	: 0
fpu		: yes
fpu_exception	: yes
cpuid level	: 13
wp		: yes
flags		: fpu vme de pse tsc msr pae mce cx8 apic sep mtrr pge mca cmov pat pse36 clflush dts acpi mmx fxsr sse sse2 ss ht tm pbe syscall nx rdtscp lm constant_tsc arch_perfmon pebs bts rep_good nopl xtopology nonstop_tsc aperfmperf eagerfpu pni pclmulqdq dtes64 monitor ds_cpl vmx est tm2 ssse3 cx16 xtpr pdcm pcid sse4_1 sse4_2 x2apic popcnt tsc_deadline_timer aes xsave avx f16c rdrand lahf_lm ida arat epb pln pts dtherm tpr_shadow vnmi flexpriority ept vpid fsgsbase smep erms xsaveopt
bugs		:
bogomips	: 5188.42
clflush size	: 64
cache_alignment	: 64
address sizes	: 36 bits physical, 48 bits virtual
power management:

processor	: 1
vendor_id	: GenuineIntel
cpu family	: 6
model		: 58
model name	: Intel(R) Core(TM) i5-3230M CPU @ 2.60GHz
stepping	: 9
microcode	: 0x16
cpu MHz		: 2999.953
cache size	: 3072 KB
physical id	: 0
siblings	: 4
core id		: 0
cpu cores	: 2
apicid		: 1
initial apicid	: 1
fpu		: yes
fpu_exception	: yes
cpuid level	: 13
wp		: yes
flags		: fpu vme de pse tsc msr pae mce cx8 apic sep mtrr pge mca cmov pat pse36 clflush dts acpi mmx fxsr sse sse2 ss ht tm pbe syscall nx rdtscp lm constant_tsc arch_perfmon pebs bts rep_good nopl xtopology nonstop_tsc aperfmperf eagerfpu pni pclmulqdq dtes64 monitor ds_cpl vmx est tm2 ssse3 cx16 xtpr pdcm pcid sse4_1 sse4_2 x2apic popcnt tsc_deadline_timer aes xsave avx f16c rdrand lahf_lm ida arat epb pln pts dtherm tpr_shadow vnmi flexpriority ept vpid fsgsbase smep erms xsaveopt
bugs		:
bogomips	: 5188.42
clflush size	: 64
cache_alignment	: 64
address sizes	: 36 bits physical, 48 bits virtual
power management:

processor	: 2
vendor_id	: GenuineIntel
cpu family	: 6
model		: 58
model name	: Intel(R) Core(TM) i5-3230M CPU @ 2.60GHz
stepping	: 9
microcode	: 0x16
cpu MHz		: 3008.281
cache size	: 3072 KB
physical id	: 0
siblings	: 4
core id		: 1
cpu cores	: 2
apicid		: 2
initial apicid	: 2
fpu		: yes
fpu_exception	: yes
cpuid level	: 13
wp		: yes
flags		: fpu vme de pse tsc msr pae mce cx8 apic sep mtrr pge mca cmov pat pse36 clflush dts acpi mmx fxsr sse sse2 ss ht tm pbe syscall nx rdtscp lm constant_tsc arch_perfmon pebs bts rep_good nopl xtopology nonstop_tsc aperfmperf eagerfpu pni pclmulqdq dtes64 monitor ds_cpl vmx est tm2 ssse3 cx16 xtpr pdcm pcid sse4_1 sse4_2 x2apic popcnt tsc_deadline_timer aes xsave avx f16c rdrand lahf_lm ida arat epb pln pts dtherm tpr_shadow vnmi flexpriority ept vpid fsgsbase smep erms xsaveopt
bugs		:
bogomips	: 5188.42
clflush size	: 64
cache_alignment	: 64
address sizes	: 36 bits physical, 48 bits virtual
power management:

processor	: 3
vendor_id	: GenuineIntel
cpu family	: 6
model		: 58
model name	: Intel(R) Core(TM) i5-3230M CPU @ 2.60GHz
stepping	: 9
microcode	: 0x16
cpu MHz		: 3046.671
cache size	: 3072 KB
physical id	: 0
siblings	: 4
core id		: 1
cpu cores	: 2
apicid		: 3
initial apicid	: 3
fpu		: yes
fpu_exception	: yes
cpuid level	: 13
wp		: yes
flags		: fpu vme de pse tsc msr pae mce cx8 apic sep mtrr pge mca cmov pat pse36 clflush dts acpi mmx fxsr sse sse2 ss ht tm pbe syscall nx rdtscp lm constant_tsc arch_perfmon pebs bts rep_good nopl xtopology nonstop_tsc aperfmperf eagerfpu pni pclmulqdq dtes64 monitor ds_cpl vmx est tm2 ssse3 cx16 xtpr pdcm pcid sse4_1 sse4_2 x2apic popcnt tsc_deadline_timer aes xsave avx f16c rdrand lahf_lm ida arat epb pln pts dtherm tpr_shadow vnmi flexpriority ept vpid fsgsbase smep erms xsaveopt
bugs		:
bogomips	: 5188.42
clflush size	: 64
cache_alignment	: 64
address sizes	: 36 bits physical, 48 bits virtual
power management:



Memory: 4k page, physical 12151476k(3832300k free), swap 0k(0k free)

vm_info: Java HotSpot(TM) 64-Bit Server VM (25.66-b17) for linux-amd64 JRE (1.8.0_66-b17), built on Oct  6 2015 17:28:34 by "java_re" with gcc 4.3.0 20080428 (Red Hat 4.3.0-8)

time: Sun Jan 10 19:37:07 2016
elapsed time: 3063 seconds (0d 0h 51m 3s)

